<2022-10-20 04:16:07.907>: [Info]: BackupNameAttachment=" Build(1891449) 20 Oct 22 (12 16 07)"  -- used by backup system

<2022-10-20 04:16:07.907>: [Info]: Log Started at local time Thu Oct 20 12:16:07 2022
<2022-10-20 04:16:07.907>: [Info]: Built on Sun Oct 16 00:18:31 2022

<2022-10-20 04:16:07.907>: [Info]: Running 64 bit Windows version
<2022-10-20 04:16:07.907>: [Info]: Executable: NewWorld.exe [AZ_RETAIL_CONFIG]
<2022-10-20 04:16:07.907>: [Info]: FileVersion: 1.23.710.1891449
<2022-10-20 04:16:07.907>: [Info]: ProductVersion: 1.23.710.1891449
<2022-10-20 04:16:07.907>: [Info]: Using Microsoft (tm) C++ Standard Library implementation

<2022-10-20 04:16:07.908>: [Info] (AZCore): [System] Loading system configuration from system_windows_pc.cfg...
<2022-10-20 04:16:07.908>: [Info] (AZCore): [System] GameDir: Assets

<2022-10-20 04:16:08.907>: [Info]: 
<2022-10-20 04:16:08.907>: [Info]: Total number of logical processors: 24
<2022-10-20 04:16:08.907>: [Info]: Number of available logical processors: 24
<2022-10-20 04:16:08.908>: [Info]: Total number of system cores: 12
<2022-10-20 04:16:08.908>: [Info]: Number of cores available to process: 12
<2022-10-20 04:16:08.908>: [Info]:  
<2022-10-20 04:16:08.908>: [Info]: Processor 0:
<2022-10-20 04:16:08.908>: [Info]:   CPU: Intel Intel(R) Xeon(R) CPU E5-2680 v3 @ 2.50GHz
<2022-10-20 04:16:08.908>: [Info]:   Family: 6, Model: 15, Stepping: 2
<2022-10-20 04:16:08.908>: [Info]:   FPU: On-Chip
<2022-10-20 04:16:08.908>: [Info]:   3DNow!: not present
<2022-10-20 04:16:08.908>: [Info]:   MMX: not present
<2022-10-20 04:16:08.908>: [Info]:   SSE: present
<2022-10-20 04:16:08.908>: [Info]:   SSE2: present
<2022-10-20 04:16:08.908>: [Info]:   SSE3: present
<2022-10-20 04:16:08.908>: [Info]:   Serial number not present or disabled
<2022-10-20 04:16:08.908>: [Info]:  
<2022-10-20 04:16:08.908>: [Info]: Processor 1:
<2022-10-20 04:16:08.908>: [Info]:   CPU: Intel Intel(R) Xeon(R) CPU E5-2680 v3 @ 2.50GHz
<2022-10-20 04:16:08.908>: [Info]:   Family: 6, Model: 15, Stepping: 2
<2022-10-20 04:16:08.908>: [Info]:   FPU: On-Chip
<2022-10-20 04:16:08.908>: [Info]:   3DNow!: not present
<2022-10-20 04:16:08.908>: [Info]:   MMX: not present
<2022-10-20 04:16:08.908>: [Info]:   SSE: present
<2022-10-20 04:16:08.908>: [Info]:   SSE2: present
<2022-10-20 04:16:08.908>: [Info]:   SSE3: present
<2022-10-20 04:16:08.908>: [Info]:   Serial number not present or disabled
<2022-10-20 04:16:08.908>: [Info]:  
<2022-10-20 04:16:08.908>: [Info]: Processor 2:
<2022-10-20 04:16:08.908>: [Info]:   CPU: Intel Intel(R) Xeon(R) CPU E5-2680 v3 @ 2.50GHz
<2022-10-20 04:16:08.908>: [Info]:   Family: 6, Model: 15, Stepping: 2
<2022-10-20 04:16:08.908>: [Info]:   FPU: On-Chip
<2022-10-20 04:16:08.908>: [Info]:   3DNow!: not present
<2022-10-20 04:16:08.908>: [Info]:   MMX: not present
<2022-10-20 04:16:08.908>: [Info]:   SSE: present
<2022-10-20 04:16:08.908>: [Info]:   SSE2: present
<2022-10-20 04:16:08.908>: [Info]:   SSE3: present
<2022-10-20 04:16:08.908>: [Info]:   Serial number not present or disabled
<2022-10-20 04:16:08.908>: [Info]:  
<2022-10-20 04:16:08.908>: [Info]: Processor 3:
<2022-10-20 04:16:08.908>: [Info]:   CPU: Intel Intel(R) Xeon(R) CPU E5-2680 v3 @ 2.50GHz
<2022-10-20 04:16:08.908>: [Info]:   Family: 6, Model: 15, Stepping: 2
<2022-10-20 04:16:08.908>: [Info]:   FPU: On-Chip
<2022-10-20 04:16:08.908>: [Info]:   3DNow!: not present
<2022-10-20 04:16:08.908>: [Info]:   MMX: not present
<2022-10-20 04:16:08.908>: [Info]:   SSE: present
<2022-10-20 04:16:08.908>: [Info]:   SSE2: present
<2022-10-20 04:16:08.908>: [Info]:   SSE3: present
<2022-10-20 04:16:08.908>: [Info]:   Serial number not present or disabled
<2022-10-20 04:16:08.908>: [Info]:  
<2022-10-20 04:16:08.908>: [Info]: Processor 4:
<2022-10-20 04:16:08.908>: [Info]:   CPU: Intel Intel(R) Xeon(R) CPU E5-2680 v3 @ 2.50GHz
<2022-10-20 04:16:08.908>: [Info]:   Family: 6, Model: 15, Stepping: 2
<2022-10-20 04:16:08.908>: [Info]:   FPU: On-Chip
<2022-10-20 04:16:08.908>: [Info]:   3DNow!: not present
<2022-10-20 04:16:08.908>: [Info]:   MMX: not present
<2022-10-20 04:16:08.908>: [Info]:   SSE: present
<2022-10-20 04:16:08.908>: [Info]:   SSE2: present
<2022-10-20 04:16:08.908>: [Info]:   SSE3: present
<2022-10-20 04:16:08.908>: [Info]:   Serial number not present or disabled
<2022-10-20 04:16:08.908>: [Info]:  
<2022-10-20 04:16:08.908>: [Info]: Processor 5:
<2022-10-20 04:16:08.908>: [Info]:   CPU: Intel Intel(R) Xeon(R) CPU E5-2680 v3 @ 2.50GHz
<2022-10-20 04:16:08.908>: [Info]:   Family: 6, Model: 15, Stepping: 2
<2022-10-20 04:16:08.908>: [Info]:   FPU: On-Chip
<2022-10-20 04:16:08.908>: [Info]:   3DNow!: not present
<2022-10-20 04:16:08.908>: [Info]:   MMX: not present
<2022-10-20 04:16:08.908>: [Info]:   SSE: present
<2022-10-20 04:16:08.908>: [Info]:   SSE2: present
<2022-10-20 04:16:08.908>: [Info]:   SSE3: present
<2022-10-20 04:16:08.908>: [Info]:   Serial number not present or disabled
<2022-10-20 04:16:08.908>: [Info]:  
<2022-10-20 04:16:08.908>: [Info]: Processor 6:
<2022-10-20 04:16:08.908>: [Info]:   CPU: Intel Intel(R) Xeon(R) CPU E5-2680 v3 @ 2.50GHz
<2022-10-20 04:16:08.908>: [Info]:   Family: 6, Model: 15, Stepping: 2
<2022-10-20 04:16:08.908>: [Info]:   FPU: On-Chip
<2022-10-20 04:16:08.908>: [Info]:   3DNow!: not present
<2022-10-20 04:16:08.908>: [Info]:   MMX: not present
<2022-10-20 04:16:08.908>: [Info]:   SSE: present
<2022-10-20 04:16:08.908>: [Info]:   SSE2: present
<2022-10-20 04:16:08.908>: [Info]:   SSE3: present
<2022-10-20 04:16:08.908>: [Info]:   Serial number not present or disabled
<2022-10-20 04:16:08.908>: [Info]:  
<2022-10-20 04:16:08.908>: [Info]: Processor 7:
<2022-10-20 04:16:08.908>: [Info]:   CPU: Intel Intel(R) Xeon(R) CPU E5-2680 v3 @ 2.50GHz
<2022-10-20 04:16:08.908>: [Info]:   Family: 6, Model: 15, Stepping: 2
<2022-10-20 04:16:08.908>: [Info]:   FPU: On-Chip
<2022-10-20 04:16:08.908>: [Info]:   3DNow!: not present
<2022-10-20 04:16:08.908>: [Info]:   MMX: not present
<2022-10-20 04:16:08.908>: [Info]:   SSE: present
<2022-10-20 04:16:08.908>: [Info]:   SSE2: present
<2022-10-20 04:16:08.908>: [Info]:   SSE3: present
<2022-10-20 04:16:08.908>: [Info]:   Serial number not present or disabled
<2022-10-20 04:16:08.908>: [Info]:  
<2022-10-20 04:16:08.908>: [Info]: Processor 8:
<2022-10-20 04:16:08.908>: [Info]:   CPU: Intel Intel(R) Xeon(R) CPU E5-2680 v3 @ 2.50GHz
<2022-10-20 04:16:08.908>: [Info]:   Family: 6, Model: 15, Stepping: 2
<2022-10-20 04:16:08.908>: [Info]:   FPU: On-Chip
<2022-10-20 04:16:08.908>: [Info]:   3DNow!: not present
<2022-10-20 04:16:08.908>: [Info]:   MMX: not present
<2022-10-20 04:16:08.908>: [Info]:   SSE: present
<2022-10-20 04:16:08.908>: [Info]:   SSE2: present
<2022-10-20 04:16:08.908>: [Info]:   SSE3: present
<2022-10-20 04:16:08.908>: [Info]:   Serial number not present or disabled
<2022-10-20 04:16:08.908>: [Info]:  
<2022-10-20 04:16:08.908>: [Info]: Processor 9:
<2022-10-20 04:16:08.908>: [Info]:   CPU: Intel Intel(R) Xeon(R) CPU E5-2680 v3 @ 2.50GHz
<2022-10-20 04:16:08.908>: [Info]:   Family: 6, Model: 15, Stepping: 2
<2022-10-20 04:16:08.908>: [Info]:   FPU: On-Chip
<2022-10-20 04:16:08.908>: [Info]:   3DNow!: not present
<2022-10-20 04:16:08.908>: [Info]:   MMX: not present
<2022-10-20 04:16:08.908>: [Info]:   SSE: present
<2022-10-20 04:16:08.908>: [Info]:   SSE2: present
<2022-10-20 04:16:08.908>: [Info]:   SSE3: present
<2022-10-20 04:16:08.908>: [Info]:   Serial number not present or disabled
<2022-10-20 04:16:08.908>: [Info]:  
<2022-10-20 04:16:08.908>: [Info]: Processor 10:
<2022-10-20 04:16:08.908>: [Info]:   CPU: Intel Intel(R) Xeon(R) CPU E5-2680 v3 @ 2.50GHz
<2022-10-20 04:16:08.908>: [Info]:   Family: 6, Model: 15, Stepping: 2
<2022-10-20 04:16:08.908>: [Info]:   FPU: On-Chip
<2022-10-20 04:16:08.908>: [Info]:   3DNow!: not present
<2022-10-20 04:16:08.908>: [Info]:   MMX: not present
<2022-10-20 04:16:08.908>: [Info]:   SSE: present
<2022-10-20 04:16:08.908>: [Info]:   SSE2: present
<2022-10-20 04:16:08.908>: [Info]:   SSE3: present
<2022-10-20 04:16:08.908>: [Info]:   Serial number not present or disabled
<2022-10-20 04:16:08.908>: [Info]:  
<2022-10-20 04:16:08.908>: [Info]: Processor 11:
<2022-10-20 04:16:08.908>: [Info]:   CPU: Intel Intel(R) Xeon(R) CPU E5-2680 v3 @ 2.50GHz
<2022-10-20 04:16:08.908>: [Info]:   Family: 6, Model: 15, Stepping: 2
<2022-10-20 04:16:08.908>: [Info]:   FPU: On-Chip
<2022-10-20 04:16:08.908>: [Info]:   3DNow!: not present
<2022-10-20 04:16:08.908>: [Info]:   MMX: not present
<2022-10-20 04:16:08.908>: [Info]:   SSE: present
<2022-10-20 04:16:08.908>: [Info]:   SSE2: present
<2022-10-20 04:16:08.908>: [Info]:   SSE3: present
<2022-10-20 04:16:08.908>: [Info]:   Serial number not present or disabled
<2022-10-20 04:16:08.908>: [Info]:  
<2022-10-20 04:16:08.908>: [Info]: Windows 10 64 bit (build 10.0.19044)
<2022-10-20 04:16:08.908>: [Info]: System language: Chinese (Simplified)
<2022-10-20 04:16:08.908>: [Info]: Windows Directory: "C:\WINDOWS"
<2022-10-20 04:16:08.908>: [Info]: Local time is 12:16:08 10/20/22, system running for 21058 minutes
<2022-10-20 04:16:08.908>: [Info]: 16222MB physical memory installed, 11375MB available, 134217727MB virtual memory installed, 29 percent of memory in use
<2022-10-20 04:16:08.908>: [Info]: PageFile usage: 240MB, Working Set: 288MB, Peak PageFile usage: 379MB,
<2022-10-20 04:16:08.909>: [Info]: Current display mode is 78043832, (Unknown graphics card)
<2022-10-20 04:16:08.909>: [Info]: IBM enhanced (101/102-key) keyboard and 5+ button mouse installed
<2022-10-20 04:16:08.909>: [Info]: --------------------------------------------------------------------------------
<2022-10-20 04:16:08.926>: [Info] (AZCore): [System] Stream Engine Initialization
<2022-10-20 04:16:08.926>: [Info]: GameName: New World
<2022-10-20 04:16:08.926>: [Info]: BuildTime: Sun Oct 16 00:18:31 2022

<2022-10-20 04:16:08.926>: [Info] (AZCore): [System] Physics initialization
<2022-10-20 04:16:08.927>: [Info] (AZCore): [System] Renderer initialization
<2022-10-20 04:16:08.929>: [Info]: Logging video adapters:
<2022-10-20 04:16:09.574>: [Info]: - NVIDIA GeForce GTX 1050 Ti (vendor = 0x10de, device = 0x1c82)
<2022-10-20 04:16:09.574>: [Info]:   - Adapter index: 0
<2022-10-20 04:16:09.574>: [Info]:   - Dedicated video memory: 4018 MB
<2022-10-20 04:16:09.574>: [Info]:   - Feature level: DX11 (SM 5.0)
<2022-10-20 04:16:09.574>: [Info]:   - Displays connected: yes
<2022-10-20 04:16:09.574>: [Info]:   - Suitable rendering device: yes
<2022-10-20 04:16:09.701>: [Info]: - Microsoft Basic Render Driver (vendor = 0x1414, device = 0x008c)
<2022-10-20 04:16:09.701>: [Info]:   - Adapter index: 1
<2022-10-20 04:16:09.701>: [Info]:   - Dedicated video memory: 0 MB
<2022-10-20 04:16:09.701>: [Info]:   - Feature level: DX11 (SM 5.0)
<2022-10-20 04:16:09.701>: [Info]:   - Displays connected: no
<2022-10-20 04:16:09.701>: [Info]:   - Suitable rendering device: no
<2022-10-20 04:16:10.953>: [Info]: Active GPUs: 1
<2022-10-20 04:16:12.289>: [Info] (AZCore): [Audio] AudioSystem initialized in High Ram mode. Available RAM [16221]MB, LowRam cutoff is [9216]MB
<2022-10-20 04:16:13.712>: [Info] (AZCore): [System] Font initialization
<2022-10-20 04:16:13.712>: [Info]: Using FreeType 2.5.0
<2022-10-20 04:16:14.046>: [Info] (AZCore): [System] Time initialization
<2022-10-20 04:16:14.046>: [Info] (AZCore): [System] Input initialization
<2022-10-20 04:16:14.047>: [Info] (AZCore): [System] UI system initialization
<2022-10-20 04:16:14.047>: [Info] (AZCore): [System] Initializing Animation System
<2022-10-20 04:16:14.048>: [Info] (AZCore): [System] Initializing 3D Engine
<2022-10-20 04:16:14.050>: [Info]: Sky light: Optical lookup tables loaded off disc.
<2022-10-20 04:16:14.053>: [Info] (AZCore): [System] Script System Initialization
<2022-10-20 04:16:14.053>: [Info] (AZCore): [System] Entity system initialization
<2022-10-20 04:16:14.056>: [Info] (AZCore): [System] Initializing additional systems
<2022-10-20 04:16:14.056>: [Info] (AZCore): [System] Dynamic Response System initialization
<2022-10-20 04:16:14.056>: [Info] (AZCore): [System] No Dynamic Response System was loaded from a module, the system will use the NULL DynamicResponseSystem.
<2022-10-20 04:16:14.057>: [Info]: Running machine spec auto detect (64 bit)...
<2022-10-20 04:16:14.057>: [Info]: - Windows 10 64 bit (build 10.0.19044)
<2022-10-20 04:16:14.057>: [Info]: - System memory
<2022-10-20 04:16:14.057>: [Info]: --- 16221 MB
<2022-10-20 04:16:14.057>: [Info]: - Intel(R) Xeon(R) CPU E5-2680 v3 @ 2.50GHz
<2022-10-20 04:16:14.057>: [Info]: --- Number of available cores: 12 (out of 12)
<2022-10-20 04:16:14.057>: [Info]: --- Number of logical processors: 24
<2022-10-20 04:16:14.239>: [Info]: - NVIDIA GeForce GTX 1050 Ti (vendor = 0x10de, device = 0x1c82)
<2022-10-20 04:16:14.239>: [Info]: --- Dedicated video memory: 4018 MB
<2022-10-20 04:16:14.239>: [Info]: --- Feature level: DX11 (SM 5.0)
<2022-10-20 04:16:14.240>: [Info]: - Final rating: Machine class 2
<2022-10-20 04:16:15.680>: [Info] (AZCore): [System] == Version Info ===============================================================

<2022-10-20 04:16:15.680>: [Info] (AZCore): [System] [RETAIL].Javelin.1.23.710.1891449

<2022-10-20 04:16:15.680>: [Info] (AZCore): [System] ===============================================================================

<2022-10-20 04:16:15.693>: [Info]: Client config override file not found: @assets@/ClientOverride.json
<2022-10-20 04:16:17.136>: [Info] (AZCore): [Game] Steam Initialized!
<2022-10-20 04:16:17.136>: [Info] (AZCore): [Game] Using remote config: true
<2022-10-20 04:16:17.136>: [Info] (AZCore): [Game] Steam Utils obtained? true
<2022-10-20 04:16:17.136>: [Info] (AZCore): [Game] Using Steam App ID: 1063730
<2022-10-20 04:16:17.136>: [Info] (AZCore): [StackConfig] Configuring remote config with bucket ags-javelin-remote-config
<2022-10-20 04:16:17.136>: [Info]: Channel service uri: https://d2c74t4zimux3r.cloudfront.net/STEAM_APP_ID.1063730.json
<2022-10-20 04:16:21.202>: [Info]: Channel Service data provider: Could not make request, Attempt: 1.
<2022-10-20 04:16:25.201>: [Info]: Channel Service data provider: Could not make request, Attempt: 2.
<2022-10-20 04:16:29.848>: [Info]: Channel Service data provider: Could not make request, Attempt: 3.
<2022-10-20 04:16:30.519>: [Info]: Channel name: Retail
<2022-10-20 04:16:30.519>: [Info]: Found cluster data for cluster id: fra-prod
<2022-10-20 04:16:30.519>: [Info]: Localized Name: @mm_eu_central
<2022-10-20 04:16:30.519>: [Info]: Auth Stack: https://2mfrik7h83.execute-api.us-east-1.amazonaws.com/Prod
<2022-10-20 04:16:30.519>: [Info]: Auth Stack Region: us-east-1
<2022-10-20 04:16:30.519>: [Info]: Gateway Host: u433g9r00c.execute-api.eu-central-1.amazonaws.com
<2022-10-20 04:16:30.519>: [Info]: Gateway Stack: d1w0bfy6smo4d1.cloudfront.net
<2022-10-20 04:16:30.519>: [Info]: Gateway Stack Region: eu-central-1
<2022-10-20 04:16:30.519>: [Info]: Http Gateway Stack: https://d1w0bfy6smo4d1.cloudfront.net/prod
<2022-10-20 04:16:30.519>: [Info]: Http Gateway Stack Region: eu-central-1
<2022-10-20 04:16:30.519>: [Info]: Found cluster data for cluster id: gru-prod
<2022-10-20 04:16:30.519>: [Info]: Localized Name: @mm_sa_east
<2022-10-20 04:16:30.519>: [Info]: Auth Stack: https://kqqt5twsi7.execute-api.us-east-1.amazonaws.com/Prod
<2022-10-20 04:16:30.519>: [Info]: Auth Stack Region: us-east-1
<2022-10-20 04:16:30.519>: [Info]: Gateway Host: j4n6whncmi.execute-api.sa-east-1.amazonaws.com
<2022-10-20 04:16:30.519>: [Info]: Gateway Stack: d1cjlmzk0xrm0z.cloudfront.net
<2022-10-20 04:16:30.519>: [Info]: Gateway Stack Region: sa-east-1
<2022-10-20 04:16:30.519>: [Info]: Http Gateway Stack: https://d1cjlmzk0xrm0z.cloudfront.net/prod
<2022-10-20 04:16:30.519>: [Info]: Http Gateway Stack Region: sa-east-1
<2022-10-20 04:16:30.519>: [Info]: Found cluster data for cluster id: iad-prod
<2022-10-20 04:16:30.519>: [Info]: Localized Name: @mm_us_east
<2022-10-20 04:16:30.519>: [Info]: Auth Stack: https://eudbjx6mig.execute-api.us-east-1.amazonaws.com/Prod
<2022-10-20 04:16:30.519>: [Info]: Auth Stack Region: us-east-1
<2022-10-20 04:16:30.519>: [Info]: Gateway Host: 0prplal5u1.execute-api.us-east-1.amazonaws.com
<2022-10-20 04:16:30.519>: [Info]: Gateway Stack: d2oeuvxi3kfsrw.cloudfront.net
<2022-10-20 04:16:30.519>: [Info]: Gateway Stack Region: us-east-1
<2022-10-20 04:16:30.519>: [Info]: Http Gateway Stack: https://d2oeuvxi3kfsrw.cloudfront.net/prod
<2022-10-20 04:16:30.519>: [Info]: Http Gateway Stack Region: us-east-1
<2022-10-20 04:16:30.519>: [Info]: Found cluster data for cluster id: pdx-prod
<2022-10-20 04:16:30.519>: [Info]: Localized Name: @mm_us_west
<2022-10-20 04:16:30.519>: [Info]: Auth Stack: https://q8hqllbg6k.execute-api.us-east-1.amazonaws.com/Prod
<2022-10-20 04:16:30.519>: [Info]: Auth Stack Region: us-east-1
<2022-10-20 04:16:30.519>: [Info]: Gateway Host: v7irlu1nrl.execute-api.us-west-2.amazonaws.com
<2022-10-20 04:16:30.519>: [Info]: Gateway Stack: d3bj4csovi1fe8.cloudfront.net
<2022-10-20 04:16:30.519>: [Info]: Gateway Stack Region: us-west-2
<2022-10-20 04:16:30.519>: [Info]: Http Gateway Stack: https://d3bj4csovi1fe8.cloudfront.net/prod
<2022-10-20 04:16:30.519>: [Info]: Http Gateway Stack Region: us-west-2
<2022-10-20 04:16:30.519>: [Info]: Found platform metadata for key: ENTITLEMENTS.STEAM_APP_ID.1063730
<2022-10-20 04:16:30.519>: [Info]: Found platform metadata for key: PERSONA.STEAM_APP_ID.1063730
<2022-10-20 04:16:30.519>: [Info]: Found persona role for cluster id: fra-prod - arn:aws:iam::093607389475:role/AgsLiveResources-AllowPersonaAccessRole-1U24RJQDKWS63
<2022-10-20 04:16:30.519>: [Info]: Found persona role for cluster id: fra-qa - arn:aws:iam::544220128841:role/AgsLiveResources-AllowPersonaAccessRole-PSN32B5D8G0L
<2022-10-20 04:16:30.519>: [Info]: Found persona role for cluster id: fra-staging - arn:aws:iam::411585047658:role/AgsLiveResources-AllowPersonaAccessRole-709I6ZY9EAFH
<2022-10-20 04:16:30.519>: [Info]: Found persona role for cluster id: gru-prod - arn:aws:iam::845253724667:role/AgsLiveResources-AllowPersonaAccessRole-SLHVYULH7U5
<2022-10-20 04:16:30.519>: [Info]: Found persona role for cluster id: iad-prod - arn:aws:iam::819349112573:role/AgsLiveResources-AllowPersonaAccessRole-1PHH0BI346X75
<2022-10-20 04:16:30.519>: [Info]: Found persona role for cluster id: iad-staging - arn:aws:iam::910532829260:role/AgsLiveResources-AllowPersonaAccessRole-OXG60NCUXR74
<2022-10-20 04:16:30.519>: [Info]: Found persona role for cluster id: pdx-devo - arn:aws:iam::166847089677:role/AgsLiveResources-AllowPersonaAccessRole-15NKM8MRPA2BX
<2022-10-20 04:16:30.519>: [Info]: Found persona role for cluster id: pdx-prod - arn:aws:iam::458929010575:role/AgsLiveResources-AllowPersonaAccessRole-QYL4I8P12BEA
<2022-10-20 04:16:30.519>: [Info]: Found persona role for cluster id: pdx-qa - arn:aws:iam::379061375310:role/AgsLiveResources-AllowPersonaAccessRole-116SW3GWSL7P1
<2022-10-20 04:16:30.519>: [Info]: Found persona role for cluster id: syd-prod - arn:aws:iam::018141801470:role/AgsLiveResources-AllowPersonaAccessRole-1CPZ9EG8SYMOQ
<2022-10-20 04:16:30.519>: [Info]: Found cluster data for cluster id: syd-prod
<2022-10-20 04:16:30.519>: [Info]: Localized Name: @mm_ap_southeast
<2022-10-20 04:16:30.519>: [Info]: Auth Stack: https://hhf8nn71vb.execute-api.us-east-1.amazonaws.com/Prod
<2022-10-20 04:16:30.519>: [Info]: Auth Stack Region: us-east-1
<2022-10-20 04:16:30.519>: [Info]: Gateway Host: ep1m9qoir8.execute-api.ap-southeast-2.amazonaws.com
<2022-10-20 04:16:30.519>: [Info]: Gateway Stack: de4mfzk9wkelz.cloudfront.net
<2022-10-20 04:16:30.519>: [Info]: Gateway Stack Region: ap-southeast-2
<2022-10-20 04:16:30.519>: [Info]: Http Gateway Stack: https://de4mfzk9wkelz.cloudfront.net/prod
<2022-10-20 04:16:30.519>: [Info]: Http Gateway Stack Region: ap-southeast-2
<2022-10-20 04:16:35.137>: [Info] (AZCore): [Game] LogEnvironmentString: ClusterId: syd-prod
<2022-10-20 04:16:35.139>: [Info] (AZCore): [StackConfig] LayerS3(): layer's "remoteCfg.public.RegionId" S3 key (old: ""), reset to new value: "applications/public/configuration-sets/RegionId/syd-prod/versionless"
<2022-10-20 04:16:35.139>: [Info] (AZCore): [StackConfig] LayerS3(): layer's "remoteCfg.public.RegionIdv" S3 key (old: ""), reset to new value: "applications/public/configuration-sets/RegionId/syd-prod/710;1891449"
<2022-10-20 04:16:35.139>: [Info] (AZCore): [StackConfig] LayerS3(): layer's "remoteCfg.public.CognitoId" S3 key (old: ""), reset to new value: "applications/public/configuration-sets/CognitoId/us-east-1:b218b3f3-2d38-469f-92b7-a8414369d22b/versionless"
<2022-10-20 04:16:35.139>: [Info] (AZCore): [StackConfig] LayerS3(): layer's "remoteCfg.public.CognitoIdv" S3 key (old: ""), reset to new value: "applications/public/configuration-sets/CognitoId/us-east-1:b218b3f3-2d38-469f-92b7-a8414369d22b/710;1891449"
<2022-10-20 04:16:35.139>: [Info] (AZCore): [StackConfig] LayerS3(): layer's "remoteCfg.publicGameplay.RegionId" S3 key (old: ""), reset to new value: "applications/publicGameplay/configuration-sets/RegionId/syd-prod/versionless"
<2022-10-20 04:16:35.139>: [Info] (AZCore): [StackConfig] LayerS3(): layer's "remoteCfg.publicGameplay.RegionIdv" S3 key (old: ""), reset to new value: "applications/publicGameplay/configuration-sets/RegionId/syd-prod/710;1891449"
<2022-10-20 04:16:35.139>: [Info] (AZCore): [StackConfig] LayerS3(): layer's "remoteCfg.publicGameplay.CognitoId" S3 key (old: ""), reset to new value: "applications/publicGameplay/configuration-sets/CognitoId/us-east-1:b218b3f3-2d38-469f-92b7-a8414369d22b/versionless"
<2022-10-20 04:16:35.139>: [Info] (AZCore): [StackConfig] LayerS3(): layer's "remoteCfg.publicGameplay.CognitoIdv" S3 key (old: ""), reset to new value: "applications/publicGameplay/configuration-sets/CognitoId/us-east-1:b218b3f3-2d38-469f-92b7-a8414369d22b/710;1891449"
<2022-10-20 04:16:35.159>: [Info]: Failure in initializing Fuel::Iap::IapClient: 14
<2022-10-20 04:16:35.161>: [Info] (AZCore): [Game] LogEnvironmentString: ProductId: STEAM_APP_ID.1063730
<2022-10-20 04:16:35.161>: [Info] (AZCore): [AuthManager] Initializing Steam Auth Manager.
<2022-10-20 04:16:35.162>: [Info] (AZCore): [SteamAuth] Initializing Persona.
<2022-10-20 04:16:35.200>: [Info]: [EasyAntiCheat] Initializing EAC game client module...
<2022-10-20 04:16:35.216>: [Info]: [EasyAntiCheat] ...EAC game client module initialized successfully.
<2022-10-20 04:16:35.472>: [Info]: Initializing default materials...
<2022-10-20 04:16:35.472>: [Info]: Initializing default footstep material...
<2022-10-20 04:16:35.799>: [Info] (AZCore): [streamingGDEManager] Initialize()
<2022-10-20 04:16:35.799>: [Info] (AZCore): [AsyncMapUnload] No previous level to unload, so not starting async.  Just loading this map now: ("frontendv2_brimstone")
<2022-10-20 04:16:35.799>: [Info]: ============================ Loading level frontendv2_brimstone ============================
<2022-10-20 04:16:38.629>: [Info]: Loading Seen Entitlements Data failed.
<2022-10-20 04:16:40.109>: [Info] (AZCore): [Game] LogEnvironmentString: ClusterId: pdx-prod
<2022-10-20 04:16:40.112>: [Info] (AZCore): [StackConfig] LayerS3(): layer's "remoteCfg.public.RegionId" S3 key (old: "applications/public/configuration-sets/RegionId/syd-prod/versionless"), reset to new value: "applications/public/configuration-sets/RegionId/pdx-prod/versionless"
<2022-10-20 04:16:40.112>: [Info] (AZCore): [StackConfig] LayerS3(): layer's "remoteCfg.public.RegionIdv" S3 key (old: "applications/public/configuration-sets/RegionId/syd-prod/710;1891449"), reset to new value: "applications/public/configuration-sets/RegionId/pdx-prod/710;1891449"
<2022-10-20 04:16:40.112>: [Info] (AZCore): [StackConfig] LayerS3(): layer's "remoteCfg.public.CognitoId" S3 key (old: "applications/public/configuration-sets/CognitoId/us-east-1:b218b3f3-2d38-469f-92b7-a8414369d22b/versionless"), reset to new value: "applications/public/configuration-sets/CognitoId/us-east-1:3be8c78b-1be2-43b6-bfab-515cc6cfcc3f/versionless"
<2022-10-20 04:16:40.112>: [Info] (AZCore): [StackConfig] LayerS3(): layer's "remoteCfg.public.CognitoIdv" S3 key (old: "applications/public/configuration-sets/CognitoId/us-east-1:b218b3f3-2d38-469f-92b7-a8414369d22b/710;1891449"), reset to new value: "applications/public/configuration-sets/CognitoId/us-east-1:3be8c78b-1be2-43b6-bfab-515cc6cfcc3f/710;1891449"
<2022-10-20 04:16:40.112>: [Info] (AZCore): [StackConfig] LayerS3(): layer's "remoteCfg.publicGameplay.RegionId" S3 key (old: "applications/publicGameplay/configuration-sets/RegionId/syd-prod/versionless"), reset to new value: "applications/publicGameplay/configuration-sets/RegionId/pdx-prod/versionless"
<2022-10-20 04:16:40.112>: [Info] (AZCore): [StackConfig] LayerS3(): layer's "remoteCfg.publicGameplay.RegionIdv" S3 key (old: "applications/publicGameplay/configuration-sets/RegionId/syd-prod/710;1891449"), reset to new value: "applications/publicGameplay/configuration-sets/RegionId/pdx-prod/710;1891449"
<2022-10-20 04:16:40.112>: [Info] (AZCore): [StackConfig] LayerS3(): layer's "remoteCfg.publicGameplay.CognitoId" S3 key (old: "applications/publicGameplay/configuration-sets/CognitoId/us-east-1:b218b3f3-2d38-469f-92b7-a8414369d22b/versionless"), reset to new value: "applications/publicGameplay/configuration-sets/CognitoId/us-east-1:3be8c78b-1be2-43b6-bfab-515cc6cfcc3f/versionless"
<2022-10-20 04:16:40.112>: [Info] (AZCore): [StackConfig] LayerS3(): layer's "remoteCfg.publicGameplay.CognitoIdv" S3 key (old: "applications/publicGameplay/configuration-sets/CognitoId/us-east-1:b218b3f3-2d38-469f-92b7-a8414369d22b/710;1891449"), reset to new value: "applications/publicGameplay/configuration-sets/CognitoId/us-east-1:3be8c78b-1be2-43b6-bfab-515cc6cfcc3f/710;1891449"
<2022-10-20 04:16:40.113>: [Info]: [Vivox] VoiceChatSystemComponent: invalid input device id No Device
<2022-10-20 04:16:44.163>: [Info]: CGame::InitCoatlicueTerrain
<2022-10-20 04:16:44.178>: [Info] (AZCore): [Game] 0x441F4C03(user) attempting sign-in.
<2022-10-20 04:16:44.178>: [Info] (AZCore): [Game] LogEnvironmentString: Auth Mode: user
<2022-10-20 04:16:44.178>: [Info] (AZCore): [SteamAuth] Attempting to log in to Steam
<2022-10-20 04:16:44.178>: [Info] (AZCore): [SteamAuth] Getting steam auth session ticket.
<2022-10-20 04:16:44.178>: [Info] (AZCore): [Game] 0x441F4C03(user) attempting sign-in.
<2022-10-20 04:16:44.178>: [Info] (AZCore): [SteamAuth] Attempting to log in to Steam
<2022-10-20 04:16:44.178>: [Info] (AZCore): [SteamAuth] Getting steam auth session ticket.
<2022-10-20 04:16:45.157>: [Info]: [Vivox] VoiceChatSystemComponent: invalid input device id No Device
<2022-10-20 04:16:45.158>: [Info]: SerializeOptions: Success
<2022-10-20 04:16:45.158>: [Info]: SerializeOptions: Moving to C:/Users/A002/AppData/Roaming/AGS/New World/savedata/temp_usersettings.javsave
<2022-10-20 04:16:45.168>: [Info]: [Vivox] VoiceChatSystemComponent: invalid input device id No Device
<2022-10-20 04:16:45.169>: [Info]: SerializeOptions: Success
<2022-10-20 04:16:45.169>: [Info]: SerializeOptions: Moving to C:/Users/A002/AppData/Roaming/AGS/New World/savedata/temp_usersettings.javsave
<2022-10-20 04:16:45.194>: [Info]: [Vivox] VoiceChatSystemComponent: invalid input device id No Device
<2022-10-20 04:16:45.195>: [Info]: SerializeOptions: Success
<2022-10-20 04:16:45.195>: [Info]: SerializeOptions: Moving to C:/Users/A002/AppData/Roaming/AGS/New World/savedata/temp_usersettings.javsave
<2022-10-20 04:16:45.226>: [Info]: [Vivox] VoiceChatSystemComponent: invalid input device id No Device
<2022-10-20 04:16:45.226>: [Info]: SerializeOptions: Success
<2022-10-20 04:16:45.226>: [Info]: SerializeOptions: Moving to C:/Users/A002/AppData/Roaming/AGS/New World/savedata/temp_usersettings.javsave
<2022-10-20 04:16:45.238>: [Info]: [Vivox] VoiceChatSystemComponent: invalid input device id No Device
<2022-10-20 04:16:45.238>: [Info]: SerializeOptions: Success
<2022-10-20 04:16:45.238>: [Info]: SerializeOptions: Moving to C:/Users/A002/AppData/Roaming/AGS/New World/savedata/temp_usersettings.javsave
<2022-10-20 04:16:45.624>: [Info] (AZCore): [SteamAuth] OnAuthSessionTicket: Authenticating using steam auth session ticket: 3
<2022-10-20 04:16:45.630>: [Info] (AZCore): [SteamAuth] CreateSteamSessionJob: Calling Persona to create steam session
<2022-10-20 04:18:01.275>: [Info]: CSystem::Quit invoked from thread 10728 (main is 10728)
<2022-10-20 04:18:01.275>: [Info] (AZCore): [Game] CGame::ActorContainerDisconnect
